1615461397372	geckodriver	INFO	Listening on 127.0.0.1:51102
1615461400427	mozrunner::runner	INFO	Running command: "C:\\Program Files\\Mozilla Firefox\\firefox.exe" "--marionette" "-headless" "-foreground" "-no-remote" "-profile" "C:\\Users\\DSM\\AppData\\Local\\Temp\\rust_mozprofiles2u7nA"
*** You are running in headless mode.
console.warn: SearchSettings: "get: No settings file exists, new profile?" (new Error("", "(unknown module)"))
1615461402262	Marionette	INFO	Listening on port 51110
1615461402488	Marionette	WARN	TLS certificate errors will be ignored for this session
1615461404774	Marionette	INFO	Stopped listening on port 51110
JavaScript error: resource://activity-stream/lib/ASRouter.jsm, line 988: NS_ERROR_ILLEGAL_VALUE: Component returned failure code: 0x80070057 (NS_ERROR_ILLEGAL_VALUE) [nsIObserverService.removeObserver]
1615469632099	geckodriver	INFO	Listening on 127.0.0.1:61403
1615469635207	mozrunner::runner	INFO	Running command: "C:\\Program Files\\Mozilla Firefox\\firefox.exe" "--marionette" "-headless" "-foreground" "-no-remote" "-profile" "C:\\Users\\DSM\\AppData\\Local\\Temp\\rust_mozprofileP0YF6u"
*** You are running in headless mode.
console.warn: SearchSettings: "get: No settings file exists, new profile?" (new Error("", "(unknown module)"))
1615469637132	Marionette	INFO	Listening on port 61412
1615469637288	Marionette	WARN	TLS certificate errors will be ignored for this session
JavaScript warning: https://nid.naver.com/login/js/bvsd.1.3.4.min.js, line 16: Failed to create WebGL context: WebGL creation failed: 
* Can't use WebGL in headless mode (https://bugzil.la/1375585).
JavaScript warning: https://nid.naver.com/login/js/bvsd.1.3.4.min.js, line 16: Failed to create WebGL context: WebGL creation failed: 
* Can't use WebGL in headless mode (https://bugzil.la/1375585).
JavaScript warning: https://nid.naver.com/login/js/bvsd.1.3.4.min.js, line 16: Failed to create WebGL context: WebGL creation failed: 
* Can't use WebGL in headless mode (https://bugzil.la/1375585).
JavaScript warning: https://nid.naver.com/login/js/bvsd.1.3.4.min.js, line 16: Failed to create WebGL context: WebGL creation failed: 
* Can't use WebGL in headless mode (https://bugzil.la/1375585).
1615470396125	geckodriver	INFO	Listening on 127.0.0.1:62004
1615470399233	mozrunner::runner	INFO	Running command: "C:\\Program Files\\Mozilla Firefox\\firefox.exe" "--marionette" "-headless" "-foreground" "-no-remote" "-profile" "C:\\Users\\DSM\\AppData\\Local\\Temp\\rust_mozprofileaxqGnB"
*** You are running in headless mode.
console.warn: SearchSettings: "get: No settings file exists, new profile?" (new Error("", "(unknown module)"))
1615470401274	Marionette	INFO	Listening on port 62013
1615470401378	Marionette	WARN	TLS certificate errors will be ignored for this session
JavaScript warning: https://nid.naver.com/login/js/bvsd.1.3.4.min.js, line 16: Failed to create WebGL context: WebGL creation failed: 
* Can't use WebGL in headless mode (https://bugzil.la/1375585).
JavaScript warning: https://nid.naver.com/login/js/bvsd.1.3.4.min.js, line 16: Failed to create WebGL context: WebGL creation failed: 
* Can't use WebGL in headless mode (https://bugzil.la/1375585).
JavaScript warning: https://nid.naver.com/login/js/bvsd.1.3.4.min.js, line 16: Failed to create WebGL context: WebGL creation failed: 
* Can't use WebGL in headless mode (https://bugzil.la/1375585).
JavaScript warning: https://nid.naver.com/login/js/bvsd.1.3.4.min.js, line 16: Failed to create WebGL context: WebGL creation failed: 
* Can't use WebGL in headless mode (https://bugzil.la/1375585).
1615470445993	geckodriver	INFO	Listening on 127.0.0.1:62095
1615470449097	mozrunner::runner	INFO	Running command: "C:\\Program Files\\Mozilla Firefox\\firefox.exe" "--marionette" "-foreground" "-no-remote" "-profile" "C:\\Users\\DSM\\AppData\\Local\\Temp\\rust_mozprofileaEtAa1"
console.warn: SearchSettings: "get: No settings file exists, new profile?" (new Error("", "(unknown module)"))
[GFX1-]: Killing GPU process due to IPC reply timeout
[GFX1-]: Failed as lost WebRenderBridgeChild.
[GFX1-]: Failed to create remote compositor
[Parent 70216, Main Thread] WARNING: base::KillProcess refusing to terminate process handle 0: file /builds/worker/checkouts/gecko/ipc/chromium/src/base/process_util_win.cc:402
[GFX1-]: Compositors might be mixed (5,1)
console.error: Region.jsm: "Error fetching region" (new Error("TIMEOUT", "resource://gre/modules/Region.jsm", 775))
console.error: Region.jsm: "Failed to fetch region" (new Error("TIMEOUT", "resource://gre/modules/Region.jsm", 422))

###!!! [Child][MessageChannel] Error: (msgtype=0x37000C,name=PCompositorBridge::Msg___delete__) Channel error: cannot send/recv


###!!! [Child][MessageChannel] Error: (msgtype=0x37000C,name=PCompositorBridge::Msg___delete__) Channel error: cannot send/recv

[GFX1-]: Receive IPC close with reason=AbnormalShutdown

###!!! [Child][MessageChannel::SendAndWait] Error: (msgtype=0xB50026,name=PWebRenderBridge::Msg_ShutdownSync) Channel error: cannot send/recv


###!!! [Child][MessageChannel::SendAndWait] Error: (msgtype=0x370019,name=PCompositorBridge::Msg_WillClose) Channel error: cannot send/recv


###!!! [Child][MessageChannel] Error: (msgtype=0x370033,name=PCompositorBridge::Msg_PLayerTransactionConstructor) Channel error: cannot send/recv


###!!! [Child][MessageChannel::SendAndWait] Error: (msgtype=0x62001D,name=PLayerTransaction::Msg_GetTextureFactoryIdentifier) Channel error: cannot send/recv


###!!! [Child][MessageChannel] Error: (msgtype=0x620020,name=PLayerTransaction::Msg_Shutdown) Channel error: cannot send/recv


###!!! [Child][MessageChannel] Error: (msgtype=0x370033,name=PCompositorBridge::Msg_PLayerTransactionConstructor) Channel error: cannot send/recv


###!!! [Child][MessageChannel::SendAndWait] Error: (msgtype=0x62001D,name=PLayerTransaction::Msg_GetTextureFactoryIdentifier) Channel error: cannot send/recv


###!!! [Child][MessageChannel] Error: (msgtype=0x620020,name=PLayerTransaction::Msg_Shutdown) Channel error: cannot send/recv

[GFX1-]: Receive
###!!! [Child][MessageChannel] Error: (msgtype=0xD,name=PAPZ::Msg_Destroy) Channel error: cannot send/recv


###!!! [Child][MessageChannel::SendAndWait] Error: (msgtype=0x370019,name=PCompositorBridge::Msg_WillClose) Channel error: cannot send/recv

 IPC close with reason=AbnormalShutdown

###!!! [Child][MessageChannel] Error: (msgtype=0x370033,name=PCompositorBridge::Msg_PLayerTransactionConstructor) Channel error: cannot send/recv


###!!! [Child][MessageChannel::SendAndWait] Error: (msgtype=0x62001D,name=PLayerTransaction::Msg_GetTextureFactoryIdentifier) Channel error: cannot send/recv


###!!! [Child][MessageChannel] Error: (msgtype=0x620020,name=PLayerTransaction::Msg_Shutdown) Channel error: cannot send/recv

IPDL protocol error: Handler returned error code!

###!!! [Parent][DispatchSyncMessage] Error: PCompositorBridge::Msg_NotifyChildRecreated Processing error: message was deserialized, but the handler returned false (indicating failure)


###!!! [Child][MessageChannel] Error: (msgtype=0x370033,name=PCompositorBridge::Msg_PLayerTransactionConstructor) Channel error: cannot send/recv


###!!! [Child][MessageChannel::SendAndWait] Error: (msgtype=0x62001D,name=PLayerTransaction::Msg_GetTextureFactoryIdentifier) Channel error: cannot send/recv


###!!! [Child][MessageChannel] Error: (msgtype=0x620020,name=PLayerTransaction::Msg_Shutdown) Channel error: cannot send/recv


###!!! [Child][MessageChannel::SendAndWait] Error: (msgtype=0x370019,name=PCompositorBridge::Msg_WillClose) Channel error: cannot send/recv

[GFX1-]: Receive IPC close with reason=AbnormalShutdown
[GFX1-]: Receive IPC close with reason=AbnormalShutdown
1615470462429	Marionette	INFO	Listening on port 62105
1615470462935	Marionette	WARN	TLS certificate errors will be ignored for this session
1615471389855	geckodriver	INFO	Listening on 127.0.0.1:63077
1615471392984	mozrunner::runner	INFO	Running command: "C:\\Program Files\\Mozilla Firefox\\firefox.exe" "--marionette" "-foreground" "-no-remote" "-profile" "C:\\Users\\DSM\\AppData\\Local\\Temp\\rust_mozprofileA5vVww"
console.warn: SearchSettings: "get: No settings file exists, new profile?" (new Error("", "(unknown module)"))
1615471396227	Marionette	INFO	Listening on port 63087
1615471396696	Marionette	WARN	TLS certificate errors will be ignored for this session
1615471416350	geckodriver	INFO	Listening on 127.0.0.1:63163
1615471419478	mozrunner::runner	INFO	Running command: "C:\\Program Files\\Mozilla Firefox\\firefox.exe" "--marionette" "-foreground" "-no-remote" "-profile" "C:\\Users\\DSM\\AppData\\Local\\Temp\\rust_mozprofileuBbFqI"
console.warn: SearchSettings: "get: No settings file exists, new profile?" (new Error("", "(unknown module)"))
1615471422728	Marionette	INFO	Listening on port 63172
1615471423168	Marionette	WARN	TLS certificate errors will be ignored for this session
1615471465913	geckodriver	INFO	Listening on 127.0.0.1:63258
1615471469070	mozrunner::runner	INFO	Running command: "C:\\Program Files\\Mozilla Firefox\\firefox.exe" "--marionette" "-foreground" "-no-remote" "-profile" "C:\\Users\\DSM\\AppData\\Local\\Temp\\rust_mozprofileYE45QF"
console.warn: SearchSettings: "get: No settings file exists, new profile?" (new Error("", "(unknown module)"))
1615471472548	Marionette	INFO	Listening on port 63267
1615471472788	Marionette	WARN	TLS certificate errors will be ignored for this session
1615472258456	geckodriver	INFO	Listening on 127.0.0.1:63887
1615472261537	mozrunner::runner	INFO	Running command: "C:\\Program Files\\Mozilla Firefox\\firefox.exe" "--marionette" "-foreground" "-no-remote" "-profile" "C:\\Users\\DSM\\AppData\\Local\\Temp\\rust_mozprofileiYUQlq"
console.warn: SearchSettings: "get: No settings file exists, new profile?" (new Error("", "(unknown module)"))
1615472264795	Marionette	INFO	Listening on port 63897
1615472265211	Marionette	WARN	TLS certificate errors will be ignored for this session
1615472285816	geckodriver	INFO	Listening on 127.0.0.1:63983
1615472288923	mozrunner::runner	INFO	Running command: "C:\\Program Files\\Mozilla Firefox\\firefox.exe" "--marionette" "-foreground" "-no-remote" "-profile" "C:\\Users\\DSM\\AppData\\Local\\Temp\\rust_mozprofileySIuec"
console.warn: SearchSettings: "get: No settings file exists, new profile?" (new Error("", "(unknown module)"))
1615472292145	Marionette	INFO	Listening on port 63993
1615472292634	Marionette	WARN	TLS certificate errors will be ignored for this session
JavaScript error: resource://activity-stream/lib/ASRouter.jsm, line 988: NS_ERROR_ILLEGAL_VALUE: Component returned failure code: 0x80070057 (NS_ERROR_ILLEGAL_VALUE) [nsIObserverService.removeObserver]
1615472304485	geckodriver	INFO	Listening on 127.0.0.1:64040
1615472307544	mozrunner::runner	INFO	Running command: "C:\\Program Files\\Mozilla Firefox\\firefox.exe" "--marionette" "-headless" "-foreground" "-no-remote" "-profile" "C:\\Users\\DSM\\AppData\\Local\\Temp\\rust_mozprofilexhCkfF"
*** You are running in headless mode.
console.warn: SearchSettings: "get: No settings file exists, new profile?" (new Error("", "(unknown module)"))
1615472309807	Marionette	INFO	Listening on port 64049
1615472310203	Marionette	WARN	TLS certificate errors will be ignored for this session
JavaScript warning: https://nid.naver.com/login/js/bvsd.1.3.4.min.js, line 16: Failed to create WebGL context: WebGL creation failed: 
* Can't use WebGL in headless mode (https://bugzil.la/1375585).
JavaScript warning: https://nid.naver.com/login/js/bvsd.1.3.4.min.js, line 16: Failed to create WebGL context: WebGL creation failed: 
* Can't use WebGL in headless mode (https://bugzil.la/1375585).
JavaScript warning: https://nid.naver.com/login/js/bvsd.1.3.4.min.js, line 16: Failed to create WebGL context: WebGL creation failed: 
* Can't use WebGL in headless mode (https://bugzil.la/1375585).
JavaScript warning: https://nid.naver.com/login/js/bvsd.1.3.4.min.js, line 16: Failed to create WebGL context: WebGL creation failed: 
* Can't use WebGL in headless mode (https://bugzil.la/1375585).
JavaScript warning: https://nid.naver.com/login/js/bvsd.1.3.4.min.js, line 16: Failed to create WebGL context: WebGL creation failed: 
* Can't use WebGL in headless mode (https://bugzil.la/1375585).
JavaScript warning: https://nid.naver.com/login/js/bvsd.1.3.4.min.js, line 16: Failed to create WebGL context: WebGL creation failed: 
* Can't use WebGL in headless mode (https://bugzil.la/1375585).
JavaScript warning: https://nid.naver.com/login/js/bvsd.1.3.4.min.js, line 16: Failed to create WebGL context: WebGL creation failed: 
* Can't use WebGL in headless mode (https://bugzil.la/1375585).
JavaScript warning: https://nid.naver.com/login/js/bvsd.1.3.4.min.js, line 16: Failed to create WebGL context: WebGL creation failed: 
* Can't use WebGL in headless mode (https://bugzil.la/1375585).
1615472338579	geckodriver	INFO	Listening on 127.0.0.1:64133
1615472341675	mozrunner::runner	INFO	Running command: "C:\\Program Files\\Mozilla Firefox\\firefox.exe" "--marionette" "-headless" "-foreground" "-no-remote" "-profile" "C:\\Users\\DSM\\AppData\\Local\\Temp\\rust_mozprofile9zvdUY"
*** You are running in headless mode.
console.warn: SearchSettings: "get: No settings file exists, new profile?" (new Error("", "(unknown module)"))
1615472343527	Marionette	INFO	Listening on port 64144
1615472343718	Marionette	WARN	TLS certificate errors will be ignored for this session
JavaScript warning: https://nid.naver.com/login/js/bvsd.1.3.4.min.js, line 16: Failed to create WebGL context: WebGL creation failed: 
* Can't use WebGL in headless mode (https://bugzil.la/1375585).
JavaScript warning: https://nid.naver.com/login/js/bvsd.1.3.4.min.js, line 16: Failed to create WebGL context: WebGL creation failed: 
* Can't use WebGL in headless mode (https://bugzil.la/1375585).
JavaScript warning: https://nid.naver.com/login/js/bvsd.1.3.4.min.js, line 16: Failed to create WebGL context: WebGL creation failed: 
* Can't use WebGL in headless mode (https://bugzil.la/1375585).
JavaScript warning: https://nid.naver.com/login/js/bvsd.1.3.4.min.js, line 16: Failed to create WebGL context: WebGL creation failed: 
* Can't use WebGL in headless mode (https://bugzil.la/1375585).
JavaScript warning: https://nid.naver.com/login/js/bvsd.1.3.4.min.js, line 16: Failed to create WebGL context: WebGL creation failed: 
* Can't use WebGL in headless mode (https://bugzil.la/1375585).
JavaScript warning: https://nid.naver.com/login/js/bvsd.1.3.4.min.js, line 16: Failed to create WebGL context: WebGL creation failed: 
* Can't use WebGL in headless mode (https://bugzil.la/1375585).
JavaScript warning: https://nid.naver.com/login/js/bvsd.1.3.4.min.js, line 16: Failed to create WebGL context: WebGL creation failed: 
* Can't use WebGL in headless mode (https://bugzil.la/1375585).
JavaScript warning: https://nid.naver.com/login/js/bvsd.1.3.4.min.js, line 16: Failed to create WebGL context: WebGL creation failed: 
* Can't use WebGL in headless mode (https://bugzil.la/1375585).
1615472434325	geckodriver	INFO	Listening on 127.0.0.1:64260
1615472437431	mozrunner::runner	INFO	Running command: "C:\\Program Files\\Mozilla Firefox\\firefox.exe" "--marionette" "-headless" "-foreground" "-no-remote" "-profile" "C:\\Users\\DSM\\AppData\\Local\\Temp\\rust_mozprofileYGdu8M"
*** You are running in headless mode.
console.warn: SearchSettings: "get: No settings file exists, new profile?" (new Error("", "(unknown module)"))
1615472439359	Marionette	INFO	Listening on port 64269
1615472439474	Marionette	WARN	TLS certificate errors will be ignored for this session
JavaScript warning: https://nid.naver.com/login/js/bvsd.1.3.4.min.js, line 16: Failed to create WebGL context: WebGL creation failed: 
* Can't use WebGL in headless mode (https://bugzil.la/1375585).
JavaScript warning: https://nid.naver.com/login/js/bvsd.1.3.4.min.js, line 16: Failed to create WebGL context: WebGL creation failed: 
* Can't use WebGL in headless mode (https://bugzil.la/1375585).
JavaScript warning: https://nid.naver.com/login/js/bvsd.1.3.4.min.js, line 16: Failed to create WebGL context: WebGL creation failed: 
* Can't use WebGL in headless mode (https://bugzil.la/1375585).
JavaScript warning: https://nid.naver.com/login/js/bvsd.1.3.4.min.js, line 16: Failed to create WebGL context: WebGL creation failed: 
* Can't use WebGL in headless mode (https://bugzil.la/1375585).
JavaScript warning: https://nid.naver.com/login/js/bvsd.1.3.4.min.js, line 16: Failed to create WebGL context: WebGL creation failed: 
* Can't use WebGL in headless mode (https://bugzil.la/1375585).
JavaScript warning: https://nid.naver.com/login/js/bvsd.1.3.4.min.js, line 16: Failed to create WebGL context: WebGL creation failed: 
* Can't use WebGL in headless mode (https://bugzil.la/1375585).
JavaScript warning: https://nid.naver.com/login/js/bvsd.1.3.4.min.js, line 16: Failed to create WebGL context: WebGL creation failed: 
* Can't use WebGL in headless mode (https://bugzil.la/1375585).
JavaScript warning: https://nid.naver.com/login/js/bvsd.1.3.4.min.js, line 16: Failed to create WebGL context: WebGL creation failed: 
* Can't use WebGL in headless mode (https://bugzil.la/1375585).
1615472482668	geckodriver	INFO	Listening on 127.0.0.1:64350
1615472485773	mozrunner::runner	INFO	Running command: "C:\\Program Files\\Mozilla Firefox\\firefox.exe" "--marionette" "-headless" "-foreground" "-no-remote" "-profile" "C:\\Users\\DSM\\AppData\\Local\\Temp\\rust_mozprofiled4WAUs"
*** You are running in headless mode.
console.warn: SearchSettings: "get: No settings file exists, new profile?" (new Error("", "(unknown module)"))
1615472487866	Marionette	INFO	Listening on port 64359
1615472487950	Marionette	WARN	TLS certificate errors will be ignored for this session
JavaScript warning: https://nid.naver.com/login/js/bvsd.1.3.4.min.js, line 16: Failed to create WebGL context: WebGL creation failed: 
* Can't use WebGL in headless mode (https://bugzil.la/1375585).
JavaScript warning: https://nid.naver.com/login/js/bvsd.1.3.4.min.js, line 16: Failed to create WebGL context: WebGL creation failed: 
* Can't use WebGL in headless mode (https://bugzil.la/1375585).
JavaScript warning: https://nid.naver.com/login/js/bvsd.1.3.4.min.js, line 16: Failed to create WebGL context: WebGL creation failed: 
* Can't use WebGL in headless mode (https://bugzil.la/1375585).
JavaScript warning: https://nid.naver.com/login/js/bvsd.1.3.4.min.js, line 16: Failed to create WebGL context: WebGL creation failed: 
* Can't use WebGL in headless mode (https://bugzil.la/1375585).
JavaScript warning: https://nid.naver.com/login/js/bvsd.1.3.4.min.js, line 16: Failed to create WebGL context: WebGL creation failed: 
* Can't use WebGL in headless mode (https://bugzil.la/1375585).
JavaScript warning: https://nid.naver.com/login/js/bvsd.1.3.4.min.js, line 16: Failed to create WebGL context: WebGL creation failed: 
* Can't use WebGL in headless mode (https://bugzil.la/1375585).
JavaScript warning: https://nid.naver.com/login/js/bvsd.1.3.4.min.js, line 16: Failed to create WebGL context: WebGL creation failed: 
* Can't use WebGL in headless mode (https://bugzil.la/1375585).
JavaScript warning: https://nid.naver.com/login/js/bvsd.1.3.4.min.js, line 16: Failed to create WebGL context: WebGL creation failed: 
* Can't use WebGL in headless mode (https://bugzil.la/1375585).
1615472534503	geckodriver	INFO	Listening on 127.0.0.1:64446
1615472537592	mozrunner::runner	INFO	Running command: "C:\\Program Files\\Mozilla Firefox\\firefox.exe" "--marionette" "-headless" "-foreground" "-no-remote" "-profile" "C:\\Users\\DSM\\AppData\\Local\\Temp\\rust_mozprofilefWYCEk"
*** You are running in headless mode.
console.warn: SearchSettings: "get: No settings file exists, new profile?" (new Error("", "(unknown module)"))
1615472539716	Marionette	INFO	Listening on port 64455
1615472539767	Marionette	WARN	TLS certificate errors will be ignored for this session
JavaScript warning: https://nid.naver.com/login/js/bvsd.1.3.4.min.js, line 16: Failed to create WebGL context: WebGL creation failed: 
* Can't use WebGL in headless mode (https://bugzil.la/1375585).
JavaScript warning: https://nid.naver.com/login/js/bvsd.1.3.4.min.js, line 16: Failed to create WebGL context: WebGL creation failed: 
* Can't use WebGL in headless mode (https://bugzil.la/1375585).
JavaScript warning: https://nid.naver.com/login/js/bvsd.1.3.4.min.js, line 16: Failed to create WebGL context: WebGL creation failed: 
* Can't use WebGL in headless mode (https://bugzil.la/1375585).
JavaScript warning: https://nid.naver.com/login/js/bvsd.1.3.4.min.js, line 16: Failed to create WebGL context: WebGL creation failed: 
* Can't use WebGL in headless mode (https://bugzil.la/1375585).
JavaScript warning: https://nid.naver.com/login/js/bvsd.1.3.4.min.js, line 16: Failed to create WebGL context: WebGL creation failed: 
* Can't use WebGL in headless mode (https://bugzil.la/1375585).
JavaScript warning: https://nid.naver.com/login/js/bvsd.1.3.4.min.js, line 16: Failed to create WebGL context: WebGL creation failed: 
* Can't use WebGL in headless mode (https://bugzil.la/1375585).
JavaScript warning: https://nid.naver.com/login/js/bvsd.1.3.4.min.js, line 16: Failed to create WebGL context: WebGL creation failed: 
* Can't use WebGL in headless mode (https://bugzil.la/1375585).
JavaScript warning: https://nid.naver.com/login/js/bvsd.1.3.4.min.js, line 16: Failed to create WebGL context: WebGL creation failed: 
* Can't use WebGL in headless mode (https://bugzil.la/1375585).
1615472600677	geckodriver	INFO	Listening on 127.0.0.1:64555
1615472603742	mozrunner::runner	INFO	Running command: "C:\\Program Files\\Mozilla Firefox\\firefox.exe" "--marionette" "-headless" "-foreground" "-no-remote" "-profile" "C:\\Users\\DSM\\AppData\\Local\\Temp\\rust_mozprofilet3dk5m"
*** You are running in headless mode.
console.warn: SearchSettings: "get: No settings file exists, new profile?" (new Error("", "(unknown module)"))
1615472605849	Marionette	INFO	Listening on port 64564
1615472605901	Marionette	WARN	TLS certificate errors will be ignored for this session
JavaScript warning: https://nid.naver.com/login/js/bvsd.1.3.4.min.js, line 16: Failed to create WebGL context: WebGL creation failed: 
* Can't use WebGL in headless mode (https://bugzil.la/1375585).
JavaScript warning: https://nid.naver.com/login/js/bvsd.1.3.4.min.js, line 16: Failed to create WebGL context: WebGL creation failed: 
* Can't use WebGL in headless mode (https://bugzil.la/1375585).
JavaScript warning: https://nid.naver.com/login/js/bvsd.1.3.4.min.js, line 16: Failed to create WebGL context: WebGL creation failed: 
* Can't use WebGL in headless mode (https://bugzil.la/1375585).
JavaScript warning: https://nid.naver.com/login/js/bvsd.1.3.4.min.js, line 16: Failed to create WebGL context: WebGL creation failed: 
* Can't use WebGL in headless mode (https://bugzil.la/1375585).
JavaScript warning: https://nid.naver.com/login/js/bvsd.1.3.4.min.js, line 16: Failed to create WebGL context: WebGL creation failed: 
* Can't use WebGL in headless mode (https://bugzil.la/1375585).
JavaScript warning: https://nid.naver.com/login/js/bvsd.1.3.4.min.js, line 16: Failed to create WebGL context: WebGL creation failed: 
* Can't use WebGL in headless mode (https://bugzil.la/1375585).
JavaScript warning: https://nid.naver.com/login/js/bvsd.1.3.4.min.js, line 16: Failed to create WebGL context: WebGL creation failed: 
* Can't use WebGL in headless mode (https://bugzil.la/1375585).
JavaScript warning: https://nid.naver.com/login/js/bvsd.1.3.4.min.js, line 16: Failed to create WebGL context: WebGL creation failed: 
* Can't use WebGL in headless mode (https://bugzil.la/1375585).
1615472619768	geckodriver	INFO	Listening on 127.0.0.1:64623
1615472622847	mozrunner::runner	INFO	Running command: "C:\\Program Files\\Mozilla Firefox\\firefox.exe" "--marionette" "-headless" "-foreground" "-no-remote" "-profile" "C:\\Users\\DSM\\AppData\\Local\\Temp\\rust_mozprofilevqd7iU"
*** You are running in headless mode.
console.warn: SearchSettings: "get: No settings file exists, new profile?" (new Error("", "(unknown module)"))
1615472624910	Marionette	INFO	Listening on port 64633
1615472625008	Marionette	WARN	TLS certificate errors will be ignored for this session
JavaScript warning: https://nid.naver.com/login/js/bvsd.1.3.4.min.js, line 16: Failed to create WebGL context: WebGL creation failed: 
* Can't use WebGL in headless mode (https://bugzil.la/1375585).
JavaScript warning: https://nid.naver.com/login/js/bvsd.1.3.4.min.js, line 16: Failed to create WebGL context: WebGL creation failed: 
* Can't use WebGL in headless mode (https://bugzil.la/1375585).
JavaScript warning: https://nid.naver.com/login/js/bvsd.1.3.4.min.js, line 16: Failed to create WebGL context: WebGL creation failed: 
* Can't use WebGL in headless mode (https://bugzil.la/1375585).
JavaScript warning: https://nid.naver.com/login/js/bvsd.1.3.4.min.js, line 16: Failed to create WebGL context: WebGL creation failed: 
* Can't use WebGL in headless mode (https://bugzil.la/1375585).
JavaScript warning: https://nid.naver.com/login/js/bvsd.1.3.4.min.js, line 16: Failed to create WebGL context: WebGL creation failed: 
* Can't use WebGL in headless mode (https://bugzil.la/1375585).
JavaScript warning: https://nid.naver.com/login/js/bvsd.1.3.4.min.js, line 16: Failed to create WebGL context: WebGL creation failed: 
* Can't use WebGL in headless mode (https://bugzil.la/1375585).
JavaScript warning: https://nid.naver.com/login/js/bvsd.1.3.4.min.js, line 16: Failed to create WebGL context: WebGL creation failed: 
* Can't use WebGL in headless mode (https://bugzil.la/1375585).
JavaScript warning: https://nid.naver.com/login/js/bvsd.1.3.4.min.js, line 16: Failed to create WebGL context: WebGL creation failed: 
* Can't use WebGL in headless mode (https://bugzil.la/1375585).
1615472639048	geckodriver	INFO	Listening on 127.0.0.1:64700
1615472642160	mozrunner::runner	INFO	Running command: "C:\\Program Files\\Mozilla Firefox\\firefox.exe" "--marionette" "-headless" "-foreground" "-no-remote" "-profile" "C:\\Users\\DSM\\AppData\\Local\\Temp\\rust_mozprofileC41iSE"
*** You are running in headless mode.
console.warn: SearchSettings: "get: No settings file exists, new profile?" (new Error("", "(unknown module)"))
1615472644209	Marionette	INFO	Listening on port 64710
1615472644328	Marionette	WARN	TLS certificate errors will be ignored for this session
JavaScript warning: https://nid.naver.com/login/js/bvsd.1.3.4.min.js, line 16: Failed to create WebGL context: WebGL creation failed: 
* Can't use WebGL in headless mode (https://bugzil.la/1375585).
JavaScript warning: https://nid.naver.com/login/js/bvsd.1.3.4.min.js, line 16: Failed to create WebGL context: WebGL creation failed: 
* Can't use WebGL in headless mode (https://bugzil.la/1375585).
JavaScript warning: https://nid.naver.com/login/js/bvsd.1.3.4.min.js, line 16: Failed to create WebGL context: WebGL creation failed: 
* Can't use WebGL in headless mode (https://bugzil.la/1375585).
JavaScript warning: https://nid.naver.com/login/js/bvsd.1.3.4.min.js, line 16: Failed to create WebGL context: WebGL creation failed: 
* Can't use WebGL in headless mode (https://bugzil.la/1375585).
JavaScript warning: https://nid.naver.com/login/js/bvsd.1.3.4.min.js, line 16: Failed to create WebGL context: WebGL creation failed: 
* Can't use WebGL in headless mode (https://bugzil.la/1375585).
JavaScript warning: https://nid.naver.com/login/js/bvsd.1.3.4.min.js, line 16: Failed to create WebGL context: WebGL creation failed: 
* Can't use WebGL in headless mode (https://bugzil.la/1375585).
JavaScript warning: https://nid.naver.com/login/js/bvsd.1.3.4.min.js, line 16: Failed to create WebGL context: WebGL creation failed: 
* Can't use WebGL in headless mode (https://bugzil.la/1375585).
JavaScript warning: https://nid.naver.com/login/js/bvsd.1.3.4.min.js, line 16: Failed to create WebGL context: WebGL creation failed: 
* Can't use WebGL in headless mode (https://bugzil.la/1375585).
1615472740683	geckodriver	INFO	Listening on 127.0.0.1:64821
1615472743818	mozrunner::runner	INFO	Running command: "C:\\Program Files\\Mozilla Firefox\\firefox.exe" "--marionette" "-headless" "-foreground" "-no-remote" "-profile" "C:\\Users\\DSM\\AppData\\Local\\Temp\\rust_mozprofilePNQGoa"
*** You are running in headless mode.
console.warn: SearchSettings: "get: No settings file exists, new profile?" (new Error("", "(unknown module)"))
1615472745853	Marionette	INFO	Listening on port 64830
1615472745887	Marionette	WARN	TLS certificate errors will be ignored for this session
JavaScript warning: https://nid.naver.com/login/js/bvsd.1.3.4.min.js, line 16: Failed to create WebGL context: WebGL creation failed: 
* Can't use WebGL in headless mode (https://bugzil.la/1375585).
JavaScript warning: https://nid.naver.com/login/js/bvsd.1.3.4.min.js, line 16: Failed to create WebGL context: WebGL creation failed: 
* Can't use WebGL in headless mode (https://bugzil.la/1375585).
JavaScript warning: https://nid.naver.com/login/js/bvsd.1.3.4.min.js, line 16: Failed to create WebGL context: WebGL creation failed: 
* Can't use WebGL in headless mode (https://bugzil.la/1375585).
JavaScript warning: https://nid.naver.com/login/js/bvsd.1.3.4.min.js, line 16: Failed to create WebGL context: WebGL creation failed: 
* Can't use WebGL in headless mode (https://bugzil.la/1375585).
JavaScript warning: https://nid.naver.com/login/js/bvsd.1.3.4.min.js, line 16: Failed to create WebGL context: WebGL creation failed: 
* Can't use WebGL in headless mode (https://bugzil.la/1375585).
JavaScript warning: https://nid.naver.com/login/js/bvsd.1.3.4.min.js, line 16: Failed to create WebGL context: WebGL creation failed: 
* Can't use WebGL in headless mode (https://bugzil.la/1375585).
JavaScript warning: https://nid.naver.com/login/js/bvsd.1.3.4.min.js, line 16: Failed to create WebGL context: WebGL creation failed: 
* Can't use WebGL in headless mode (https://bugzil.la/1375585).
JavaScript warning: https://nid.naver.com/login/js/bvsd.1.3.4.min.js, line 16: Failed to create WebGL context: WebGL creation failed: 
* Can't use WebGL in headless mode (https://bugzil.la/1375585).
1615472861097	geckodriver	INFO	Listening on 127.0.0.1:64957
1615472864208	mozrunner::runner	INFO	Running command: "C:\\Program Files\\Mozilla Firefox\\firefox.exe" "--marionette" "-headless" "-foreground" "-no-remote" "-profile" "C:\\Users\\DSM\\AppData\\Local\\Temp\\rust_mozprofileXHGRWO"
*** You are running in headless mode.
console.warn: SearchSettings: "get: No settings file exists, new profile?" (new Error("", "(unknown module)"))
1615472866416	Marionette	INFO	Listening on port 64966
1615472866864	Marionette	WARN	TLS certificate errors will be ignored for this session
JavaScript warning: https://nid.naver.com/login/js/bvsd.1.3.4.min.js, line 16: Failed to create WebGL context: WebGL creation failed: 
* Can't use WebGL in headless mode (https://bugzil.la/1375585).
JavaScript warning: https://nid.naver.com/login/js/bvsd.1.3.4.min.js, line 16: Failed to create WebGL context: WebGL creation failed: 
* Can't use WebGL in headless mode (https://bugzil.la/1375585).
JavaScript warning: https://nid.naver.com/login/js/bvsd.1.3.4.min.js, line 16: Failed to create WebGL context: WebGL creation failed: 
* Can't use WebGL in headless mode (https://bugzil.la/1375585).
JavaScript warning: https://nid.naver.com/login/js/bvsd.1.3.4.min.js, line 16: Failed to create WebGL context: WebGL creation failed: 
* Can't use WebGL in headless mode (https://bugzil.la/1375585).
JavaScript warning: https://nid.naver.com/login/js/bvsd.1.3.4.min.js, line 16: Failed to create WebGL context: WebGL creation failed: 
* Can't use WebGL in headless mode (https://bugzil.la/1375585).
JavaScript warning: https://nid.naver.com/login/js/bvsd.1.3.4.min.js, line 16: Failed to create WebGL context: WebGL creation failed: 
* Can't use WebGL in headless mode (https://bugzil.la/1375585).
JavaScript warning: https://nid.naver.com/login/js/bvsd.1.3.4.min.js, line 16: Failed to create WebGL context: WebGL creation failed: 
* Can't use WebGL in headless mode (https://bugzil.la/1375585).
JavaScript warning: https://nid.naver.com/login/js/bvsd.1.3.4.min.js, line 16: Failed to create WebGL context: WebGL creation failed: 
* Can't use WebGL in headless mode (https://bugzil.la/1375585).
